1637506905478:sign in
1637506910269:sign in asd asd
1637506923494:describe account
1637506930246:sign out
1637506932380:sign in
1637506939026:sign in privileged
1637506950326:sign in privileged admin nimda
1637506952396:exit
1637508050575:delete room 14
1637508060283:list rpp,s
1637508064235:list rooms
1638380522003:list movies
1638380560884:stacktrace
1638380616095:list movies
1638380620451:stacktrace
1638380953416:list movies
1638381714576:list room
1638381722708:list rooms
1638381819890:stacktrace
1638381895608:list rooms
1638381897901:list movies
1638381900199:list room
1638381905775:list rooms
1638381935275:stacktrace
1638382164578:list movies
1638382166906:list rooms
1638383535141:list movies
1638383536970:list rooms
1638383544171:list screenings
1638383625337:exit
